This is pdfTeX, Version 3.141592653-2.6-1.40.24 (TeX Live 2022/Debian) (preloaded format=pdflatex 2022.6.18)  18 JUN 2022 21:40
entering extended mode
 restricted \write18 enabled.
 %&-line parsing enabled.
**file.tex
(./file.tex
LaTeX2e <2021-11-15> patch level 1
L3 programming layer <2022-02-24>
(/usr/share/texlive/texmf-dist/tex/latex/flashcards/flashcards.cls
Document Class: flashcards 2022/02/20 1.0.2 (matthew@debian.org)
(/usr/share/texlive/texmf-dist/tex/latex/base/ifthen.sty
Package: ifthen 2020/11/24 v1.1c Standard LaTeX ifthen package (DPC)
)
(/usr/share/texlive/texmf-dist/tex/latex/base/article.cls
Document Class: article 2021/10/04 v1.4n Standard LaTeX document class
(/usr/share/texlive/texmf-dist/tex/latex/base/size10.clo
File: size10.clo 2021/10/04 v1.4n Standard LaTeX file (size option)
)
\c@part=\count185
\c@section=\count186
\c@subsection=\count187
\c@subsubsection=\count188
\c@paragraph=\count189
\c@subparagraph=\count190
\c@figure=\count191
\c@table=\count192
\abovecaptionskip=\skip47
\belowcaptionskip=\skip48
\bibindent=\dimen138
)
\cardheight=\skip49
\cardwidth=\skip50
\topoffset=\skip51
\oddoffset=\skip52
\evenoffset=\skip53
\oddevenshift=\skip54
\cardmargin=\skip55
\cardinnerheight=\skip56
\cardinnerwidth=\skip57

(/usr/share/texlive/texmf-dist/tex/latex/flashcards/avery5371.cfg
File: avery5371.cfg 
)
Coudln't find landscape.cfg, using defualt.
(/usr/share/texlive/texmf-dist/tex/latex/geometry/geometry.sty
Package: geometry 2020/01/02 v5.9 Page Geometry

(/usr/share/texlive/texmf-dist/tex/latex/graphics/keyval.sty
Package: keyval 2014/10/28 v1.15 key=value parser (DPC)
\KV@toks@=\toks16
)
(/usr/share/texlive/texmf-dist/tex/generic/iftex/ifvtex.sty
Package: ifvtex 2019/10/25 v1.7 ifvtex legacy package. Use iftex instead.

(/usr/share/texlive/texmf-dist/tex/generic/iftex/iftex.sty
Package: iftex 2022/02/03 v1.0f TeX engine tests
))
\Gm@cnth=\count193
\Gm@cntv=\count194
\c@Gm@tempcnt=\count195
\Gm@bindingoffset=\dimen139
\Gm@wd@mp=\dimen140
\Gm@odd@mp=\dimen141
\Gm@even@mp=\dimen142
\Gm@layoutwidth=\dimen143
\Gm@layoutheight=\dimen144
\Gm@layouthoffset=\dimen145
\Gm@layoutvoffset=\dimen146
\Gm@dimlist=\toks17
)
\c@flashcards@row=\count196
\c@flashcards@col=\count197
\flashcardFrontRiCi=\box50
\flashcardBackRiCi=\box51
\flashcardFrontRiCii=\box52
\flashcardBackRiCii=\box53
\flashcardFrontRiiCi=\box54
\flashcardBackRiiCi=\box55
\flashcardFrontRiiCii=\box56
\flashcardBackRiiCii=\box57
\flashcardFrontRiiiCi=\box58
\flashcardBackRiiiCi=\box59
\flashcardFrontRiiiCii=\box60
\flashcardBackRiiiCii=\box61
\flashcardFrontRivCi=\box62
\flashcardBackRivCi=\box63
\flashcardFrontRivCii=\box64
\flashcardBackRivCii=\box65
\flashcardFrontRvCi=\box66
\flashcardBackRvCi=\box67
\flashcardFrontRvCii=\box68
\flashcardBackRvCii=\box69
\flashcards@savelineskip=\skip58
)
(/usr/share/texlive/texmf-dist/tex/latex/base/fontenc.sty
Package: fontenc 2021/04/29 v2.0v Standard LaTeX package
)
(/usr/share/texlive/texmf-dist/tex/latex/fira/FiraSans.sty
Package: FiraSans 2019/10/10 (Bob Tennent and autoinst) Style file for Fira San
s fonts.

(/usr/share/texlive/texmf-dist/tex/generic/iftex/ifxetex.sty
Package: ifxetex 2019/10/25 v0.7 ifxetex legacy package. Use iftex instead.
)
(/usr/share/texlive/texmf-dist/tex/generic/iftex/ifluatex.sty
Package: ifluatex 2019/10/25 v1.5 ifluatex legacy package. Use iftex instead.
)
(/usr/share/texlive/texmf-dist/tex/latex/xkeyval/xkeyval.sty
Package: xkeyval 2020/11/20 v2.8 package option processing (HA)

(/usr/share/texlive/texmf-dist/tex/generic/xkeyval/xkeyval.tex
(/usr/share/texlive/texmf-dist/tex/generic/xkeyval/xkvutils.tex
\XKV@toks=\toks18
\XKV@tempa@toks=\toks19
)
\XKV@depth=\count198
File: xkeyval.tex 2014/12/03 v2.7a key=value parser (HA)
))
(/usr/share/texlive/texmf-dist/tex/latex/base/textcomp.sty
Package: textcomp 2020/02/02 v2.0n Standard LaTeX package
)
(/usr/share/texlive/texmf-dist/tex/latex/fontaxes/fontaxes.sty
Package: fontaxes 2020/07/21 v1.0e Font selection axes
LaTeX Info: Redefining \upshape on input line 29.
LaTeX Info: Redefining \itshape on input line 31.
LaTeX Info: Redefining \slshape on input line 33.
LaTeX Info: Redefining \swshape on input line 35.
LaTeX Info: Redefining \scshape on input line 37.
LaTeX Info: Redefining \sscshape on input line 39.
LaTeX Info: Redefining \ulcshape on input line 41.
LaTeX Info: Redefining \textsw on input line 47.
LaTeX Info: Redefining \textssc on input line 48.
LaTeX Info: Redefining \textulc on input line 49.
))
(/usr/share/texlive/texmf-dist/tex/latex/graphics/graphicx.sty
Package: graphicx 2021/09/16 v1.2d Enhanced LaTeX Graphics (DPC,SPQR)

(/usr/share/texlive/texmf-dist/tex/latex/graphics/graphics.sty
Package: graphics 2021/03/04 v1.4d Standard LaTeX Graphics (DPC,SPQR)

(/usr/share/texlive/texmf-dist/tex/latex/graphics/trig.sty
Package: trig 2021/08/11 v1.11 sin cos tan (DPC)
)
(/usr/share/texlive/texmf-dist/tex/latex/graphics-cfg/graphics.cfg
File: graphics.cfg 2016/06/04 v1.11 sample graphics configuration
)
Package graphics Info: Driver file: pdftex.def on input line 107.

(/usr/share/texlive/texmf-dist/tex/latex/graphics-def/pdftex.def
File: pdftex.def 2020/10/05 v1.2a Graphics/color driver for pdftex
))
\Gin@req@height=\dimen147
\Gin@req@width=\dimen148
)
(/usr/share/texlive/texmf-dist/tex/latex/newtxsf/newtxsf.sty
Package: newtxsf 2021/05/16 v1.054

`newtxsf' v1.054, 2021/05/16 Math macros based on STIX sans serif and txfonts (
msharpe) (/usr/share/texlive/texmf-dist/tex/latex/amsmath/amsmath.sty
Package: amsmath 2021/10/15 v2.17l AMS math features
\@mathmargin=\skip59

For additional information on amsmath, use the `?' option.
(/usr/share/texlive/texmf-dist/tex/latex/amsmath/amstext.sty
Package: amstext 2021/08/26 v2.01 AMS text

(/usr/share/texlive/texmf-dist/tex/latex/amsmath/amsgen.sty
File: amsgen.sty 1999/11/30 v2.0 generic functions
\@emptytoks=\toks20
\ex@=\dimen149
))
(/usr/share/texlive/texmf-dist/tex/latex/amsmath/amsbsy.sty
Package: amsbsy 1999/11/29 v1.2d Bold Symbols
\pmbraise@=\dimen150
)
(/usr/share/texlive/texmf-dist/tex/latex/amsmath/amsopn.sty
Package: amsopn 2021/08/26 v2.02 operator names
)
\inf@bad=\count199
LaTeX Info: Redefining \frac on input line 234.
\uproot@=\count266
\leftroot@=\count267
LaTeX Info: Redefining \overline on input line 399.
\classnum@=\count268
\DOTSCASE@=\count269
LaTeX Info: Redefining \ldots on input line 496.
LaTeX Info: Redefining \dots on input line 499.
LaTeX Info: Redefining \cdots on input line 620.
\Mathstrutbox@=\box70
\strutbox@=\box71
\big@size=\dimen151
LaTeX Font Info:    Redeclaring font encoding OML on input line 743.
LaTeX Font Info:    Redeclaring font encoding OMS on input line 744.
\macc@depth=\count270
\c@MaxMatrixCols=\count271
\dotsspace@=\muskip16
\c@parentequation=\count272
\dspbrk@lvl=\count273
\tag@help=\toks21
\row@=\count274
\column@=\count275
\maxfields@=\count276
\andhelp@=\toks22
\eqnshift@=\dimen152
\alignsep@=\dimen153
\tagshift@=\dimen154
\tagwidth@=\dimen155
\totwidth@=\dimen156
\lineht@=\dimen157
\@envbody=\toks23
\multlinegap=\skip60
\multlinetaggap=\skip61
\mathdisplay@stack=\toks24
LaTeX Info: Redefining \[ on input line 2938.
LaTeX Info: Redefining \] on input line 2939.
)
(/usr/share/texlive/texmf-dist/tex/generic/kastrup/binhex.tex)
\tx@Isdigit=\count277
LaTeX Font Info:    Redeclaring symbol font `operators' on input line 51.
LaTeX Font Info:    Encoding `OT1' has changed to `T1' for symbol font
(Font)              `operators' in the math version `normal' on input line 51.
LaTeX Font Info:    Overwriting symbol font `operators' in version `normal'
(Font)                  OT1/cmr/m/n --> T1/FiraSans-OsF/m/n on input line 51.
LaTeX Font Info:    Encoding `OT1' has changed to `T1' for symbol font
(Font)              `operators' in the math version `bold' on input line 51.
LaTeX Font Info:    Overwriting symbol font `operators' in version `bold'
(Font)                  OT1/cmr/bx/n --> T1/FiraSans-OsF/m/n on input line 51.
LaTeX Font Info:    Overwriting symbol font `operators' in version `bold'
(Font)                  T1/FiraSans-OsF/m/n --> T1/FiraSans-OsF/b/n on input li
ne 52.
LaTeX Font Info:    Redeclaring math alphabet \mathsf on input line 58.
LaTeX Font Info:    Overwriting math alphabet `\mathsf' in version `normal'
(Font)                  OT1/cmss/m/n --> T1/FiraSans-OsF/m/n on input line 58.
LaTeX Font Info:    Overwriting math alphabet `\mathsf' in version `bold'
(Font)                  OT1/cmss/bx/n --> T1/FiraSans-OsF/m/n on input line 58.

LaTeX Font Info:    Redeclaring math alphabet \mathit on input line 59.
LaTeX Font Info:    Overwriting math alphabet `\mathit' in version `normal'
(Font)                  OT1/cmr/m/it --> T1/FiraSans-OsF/m/it on input line 59.

LaTeX Font Info:    Overwriting math alphabet `\mathit' in version `bold'
(Font)                  OT1/cmr/bx/it --> T1/FiraSans-OsF/m/it on input line 59
.
LaTeX Font Info:    Redeclaring math alphabet \mathtt on input line 60.
LaTeX Font Info:    Overwriting math alphabet `\mathtt' in version `normal'
(Font)                  OT1/cmtt/m/n --> T1/cmtt/m/n on input line 60.
LaTeX Font Info:    Overwriting math alphabet `\mathtt' in version `bold'
(Font)                  OT1/cmtt/m/n --> T1/cmtt/m/n on input line 60.
LaTeX Font Info:    Redeclaring math alphabet \mathbf on input line 62.
LaTeX Font Info:    Overwriting math alphabet `\mathbf' in version `normal'
(Font)                  OT1/cmr/bx/n --> T1/FiraSans-OsF/b/n on input line 62.
LaTeX Font Info:    Overwriting math alphabet `\mathbf' in version `bold'
(Font)                  OT1/cmr/bx/n --> T1/FiraSans-OsF/b/n on input line 62.
LaTeX Font Info:    Overwriting math alphabet `\mathit' in version `bold'
(Font)                  T1/FiraSans-OsF/m/it --> T1/FiraSans-OsF/b/it on input 
line 63.
LaTeX Font Info:    Overwriting math alphabet `\mathsf' in version `bold'
(Font)                  T1/FiraSans-OsF/m/n --> T1/FiraSans-OsF/b/n on input li
ne 64.
LaTeX Font Info:    Overwriting math alphabet `\mathtt' in version `bold'
(Font)                  T1/cmtt/m/n --> T1/cmtt/b/n on input line 65.
LaTeX Font Info:    Redeclaring symbol font `letters' on input line 70.
LaTeX Font Info:    Overwriting symbol font `letters' in version `normal'
(Font)                  OML/cmm/m/it --> OML/ntxsfmi/m/it on input line 70.
LaTeX Font Info:    Overwriting symbol font `letters' in version `bold'
(Font)                  OML/cmm/b/it --> OML/ntxsfmi/m/it on input line 70.
LaTeX Font Info:    Overwriting symbol font `letters' in version `bold'
(Font)                  OML/ntxsfmi/m/it --> OML/ntxsfmi/b/it on input line 71.

\symlettersA=\mathgroup4
LaTeX Font Info:    Overwriting symbol font `lettersA' in version `bold'
(Font)                  U/ntxsfmia/m/it --> U/ntxsfmia/b/it on input line 78.
Now handling font encoding LMS ...
... no UTF-8 mapping file for font encoding LMS
LaTeX Font Info:    Redeclaring symbol font `symbols' on input line 88.
LaTeX Font Info:    Encoding `OMS' has changed to `LMS' for symbol font
(Font)              `symbols' in the math version `normal' on input line 88.
LaTeX Font Info:    Overwriting symbol font `symbols' in version `normal'
(Font)                  OMS/cmsy/m/n --> LMS/ntxsy/m/n on input line 88.
LaTeX Font Info:    Encoding `OMS' has changed to `LMS' for symbol font
(Font)              `symbols' in the math version `bold' on input line 88.
LaTeX Font Info:    Overwriting symbol font `symbols' in version `bold'
(Font)                  OMS/cmsy/b/n --> LMS/ntxsy/m/n on input line 88.
LaTeX Font Info:    Overwriting symbol font `symbols' in version `bold'
(Font)                  LMS/ntxsy/m/n --> LMS/ntxsy/b/n on input line 89.
\symAMSm=\mathgroup5
LaTeX Font Info:    Overwriting symbol font `AMSm' in version `bold'
(Font)                  U/ntxsym/m/n --> U/ntxsym/b/n on input line 108.
\symsymbolsC=\mathgroup6
LaTeX Font Info:    Overwriting symbol font `symbolsC' in version `bold'
(Font)                  U/ntxsyc/m/n --> U/ntxsyc/b/n on input line 130.
Now handling font encoding LMX ...
... no UTF-8 mapping file for font encoding LMX
LaTeX Font Info:    Redeclaring symbol font `largesymbols' on input line 143.
LaTeX Font Info:    Encoding `OMX' has changed to `LMX' for symbol font
(Font)              `largesymbols' in the math version `normal' on input line 1
43.
LaTeX Font Info:    Overwriting symbol font `largesymbols' in version `normal'
(Font)                  OMX/cmex/m/n --> LMX/ntxexx/m/n on input line 143.
LaTeX Font Info:    Encoding `OMX' has changed to `LMX' for symbol font
(Font)              `largesymbols' in the math version `bold' on input line 143
.
LaTeX Font Info:    Overwriting symbol font `largesymbols' in version `bold'
(Font)                  OMX/cmex/m/n --> LMX/ntxexx/m/n on input line 143.
LaTeX Font Info:    Overwriting symbol font `largesymbols' in version `bold'
(Font)                  LMX/ntxexx/m/n --> LMX/ntxexx/b/n on input line 144.
\symlargesymbolsTXA=\mathgroup7
LaTeX Font Info:    Overwriting symbol font `largesymbolsTXA' in version `bold'

(Font)                  U/ntxexa/m/n --> U/ntxexa/b/n on input line 155.
LaTeX Font Info:    Redeclaring math delimiter \lfloor on input line 244.
LaTeX Font Info:    Redeclaring math delimiter \rfloor on input line 245.
LaTeX Font Info:    Redeclaring math delimiter \lceil on input line 246.
LaTeX Font Info:    Redeclaring math delimiter \rceil on input line 247.
LaTeX Font Info:    Redeclaring math delimiter \lbrace on input line 248.
LaTeX Font Info:    Redeclaring math delimiter \rbrace on input line 249.
LaTeX Font Info:    Redeclaring math delimiter \langle on input line 250.
LaTeX Font Info:    Redeclaring math delimiter \rangle on input line 252.
LaTeX Font Info:    Redeclaring math delimiter \arrowvert on input line 256.
LaTeX Font Info:    Redeclaring math delimiter \vert on input line 257.
LaTeX Font Info:    Redeclaring math symbol \hbar on input line 277.
LaTeX Font Info:    Redeclaring math accent \grave on input line 294.
LaTeX Font Info:    Redeclaring math accent \acute on input line 295.
LaTeX Font Info:    Redeclaring math accent \check on input line 296.
LaTeX Font Info:    Redeclaring math accent \breve on input line 297.
LaTeX Font Info:    Redeclaring math accent \bar on input line 298.
LaTeX Font Info:    Redeclaring math accent \mathring on input line 299.
LaTeX Font Info:    Redeclaring math accent \hat on input line 300.
LaTeX Font Info:    Redeclaring math accent \dot on input line 301.
LaTeX Font Info:    Redeclaring math accent \tilde on input line 302.
LaTeX Font Info:    Redeclaring math accent \dot on input line 303.
LaTeX Font Info:    Redeclaring math accent \ddot on input line 304.
LaTeX Font Info:    Redeclaring math accent \vec on input line 1322.
LaTeX Font Info:    Redeclaring math symbol \m@thbbch@rA on input line 1522.
LaTeX Info: Redefining \not on input line 1776.
)
(/usr/share/texlive/texmf-dist/tex/latex/xcolor/xcolor.sty
Package: xcolor 2021/10/31 v2.13 LaTeX color extensions (UK)

(/usr/share/texlive/texmf-dist/tex/latex/graphics-cfg/color.cfg
File: color.cfg 2016/01/02 v1.6 sample color configuration
)
Package xcolor Info: Driver file: pdftex.def on input line 227.
Package xcolor Info: Model `cmy' substituted by `cmy0' on input line 1352.
Package xcolor Info: Model `hsb' substituted by `rgb' on input line 1356.
Package xcolor Info: Model `RGB' extended on input line 1368.
Package xcolor Info: Model `HTML' substituted by `rgb' on input line 1370.
Package xcolor Info: Model `Hsb' substituted by `hsb' on input line 1371.
Package xcolor Info: Model `tHsb' substituted by `hsb' on input line 1372.
Package xcolor Info: Model `HSB' substituted by `hsb' on input line 1373.
Package xcolor Info: Model `Gray' substituted by `gray' on input line 1374.
Package xcolor Info: Model `wave' substituted by `hsb' on input line 1375.
)
(/usr/share/texlive/texmf-dist/tex/latex/tools/calc.sty
Package: calc 2017/05/25 v4.3 Infix arithmetic (KKT,FJ)
\calc@Acount=\count278
\calc@Bcount=\count279
\calc@Adimen=\dimen158
\calc@Bdimen=\dimen159
\calc@Askip=\skip62
\calc@Bskip=\skip63
LaTeX Info: Redefining \setlength on input line 80.
LaTeX Info: Redefining \addtolength on input line 81.
\calc@Ccount=\count280
\calc@Cskip=\skip64
)
(/usr/share/texlive/texmf-dist/tex/latex/enumitem/enumitem.sty
Package: enumitem 2019/06/20 v3.9 Customized lists
\labelindent=\skip65
\enit@outerparindent=\dimen160
\enit@toks=\toks25
\enit@inbox=\box72
\enit@count@id=\count281
\enitdp@description=\count282
)
\c@nocarte=\count283
LaTeX Font Info:    Trying to load font information for T1+FiraSans-OsF on inpu
t line 47.

(/usr/share/texlive/texmf-dist/tex/latex/fira/T1FiraSans-OsF.fd
File: T1FiraSans-OsF.fd 2019/10/10 (autoinst) Font definitions for T1/FiraSans-
OsF.
)
LaTeX Font Info:    Font shape `T1/FiraSans-OsF/m/n' in size <10> not available

(Font)              Font shape `T1/FiraSans-OsF/regular/n' tried instead on inp
ut line 47.
LaTeX Font Info:    Font shape `T1/FiraSans-OsF/regular/n' will be
(Font)              scaled to size 8.50006pt on input line 47.

(/usr/share/texlive/texmf-dist/tex/latex/l3backend/l3backend-pdftex.def
File: l3backend-pdftex.def 2022-02-07 L3 backend support: PDF output (pdfTeX)
\l__color_backend_stack_int=\count284
\l__pdf_internal_box=\box73
)

LaTeX Warning: Unused global option(s):
    [landscape].

No file file.aux.
\openout1 = `file.aux'.

LaTeX Font Info:    Checking defaults for OML/ntxsfmi/m/it on input line 47.
LaTeX Font Info:    Trying to load font information for OML+ntxsfmi on input li
ne 47.
(/usr/share/texlive/texmf-dist/tex/latex/newtxsf/omlntxsfmi.fd
File: omlntxsfmi.fd 2014/11/16 Fontinst v1.933 font definitions for OML/ntxsfmi
.
)
LaTeX Font Info:    ... okay on input line 47.
LaTeX Font Info:    Checking defaults for OMS/cmsy/m/n on input line 47.
LaTeX Font Info:    ... okay on input line 47.
LaTeX Font Info:    Checking defaults for OT1/cmr/m/n on input line 47.
LaTeX Font Info:    ... okay on input line 47.
LaTeX Font Info:    Checking defaults for T1/cmr/m/n on input line 47.
LaTeX Font Info:    ... okay on input line 47.
LaTeX Font Info:    Checking defaults for TS1/cmr/m/n on input line 47.
LaTeX Font Info:    ... okay on input line 47.
LaTeX Font Info:    Checking defaults for OMX/cmex/m/n on input line 47.
LaTeX Font Info:    ... okay on input line 47.
LaTeX Font Info:    Checking defaults for U/ntxexa/m/n on input line 47.
LaTeX Font Info:    Trying to load font information for U+ntxexa on input line 
47.

(/usr/share/texlive/texmf-dist/tex/latex/newtx/untxexa.fd
File: untxexa.fd 2012/04/16 Fontinst v1.933 font definitions for U/ntxexa.
)
LaTeX Font Info:    ... okay on input line 47.
LaTeX Font Info:    Checking defaults for LMS/ntxsy/m/n on input line 47.
LaTeX Font Info:    Trying to load font information for LMS+ntxsy on input line
 47.

(/usr/share/texlive/texmf-dist/tex/latex/newtx/lmsntxsy.fd
File: lmsntxsy.fd 2016/07/02 Fontinst v1.933 font definitions for LMS/ntxsy.
)
LaTeX Font Info:    ... okay on input line 47.
LaTeX Font Info:    Checking defaults for LMX/ntxexx/m/n on input line 47.
LaTeX Font Info:    ... okay on input line 47.

*geometry* driver: auto-detecting
*geometry* detected driver: pdftex
*geometry* verbose mode - [ preamble ] result:
* driver: pdftex
* paper: a4paper
* layout: <same size as paper>
* layoutoffset:(h,v)=(0.0pt,0.0pt)
* modes: 
* h-part:(L,W,R)=(54.2025pt, 489.10287pt, 54.2025pt)
* v-part:(T,H,B)=(36.135pt, 808.91185pt, 0.0pt)
* \paperwidth=597.50787pt
* \paperheight=845.04684pt
* \textwidth=489.10287pt
* \textheight=808.91185pt
* \oddsidemargin=-18.06749pt
* \evensidemargin=-18.06749pt
* \topmargin=-36.135pt
* \headheight=0.0pt
* \headsep=0.0pt
* \topskip=10.0pt
* \footskip=0.0pt
* \marginparwidth=65.0pt
* \marginparsep=11.0pt
* \columnsep=10.0pt
* \skip\footins=9.0pt plus 4.0pt minus 2.0pt
* \hoffset=0.0pt
* \voffset=0.0pt
* \mag=1000
* \@twocolumnfalse
* \@twosidefalse
* \@mparswitchfalse
* \@reversemarginfalse
* (1in=72.27pt=25.4mm, 1cm=28.453pt)

\c@mv@tabular=\count285
\c@mv@boldtabular=\count286
(/usr/share/texlive/texmf-dist/tex/context/base/mkii/supp-pdf.mkii
[Loading MPS to PDF converter (version 2006.09.02).]
\scratchcounter=\count287
\scratchdimen=\dimen161
\scratchbox=\box74
\nofMPsegments=\count288
\nofMParguments=\count289
\everyMPshowfont=\toks26
\MPscratchCnt=\count290
\MPscratchDim=\dimen162
\MPnumerator=\count291
\makeMPintoPDFobject=\count292
\everyMPtoPDFconversion=\toks27
) (/usr/share/texlive/texmf-dist/tex/latex/epstopdf-pkg/epstopdf-base.sty
Package: epstopdf-base 2020-01-24 v2.11 Base part for package epstopdf
Package epstopdf-base Info: Redefining graphics rule for `.eps' on input line 4
85.

(/usr/share/texlive/texmf-dist/tex/latex/latexconfig/epstopdf-sys.cfg
File: epstopdf-sys.cfg 2010/07/13 v1.3 Configuration of (r)epstopdf for TeX Liv
e
))
LaTeX Font Info:    Font shape `T1/FiraSans-OsF/m/n' in size <9> not available
(Font)              Font shape `T1/FiraSans-OsF/regular/n' tried instead on inp
ut line 53.
LaTeX Font Info:    Font shape `T1/FiraSans-OsF/regular/n' will be
(Font)              scaled to size 7.65005pt on input line 53.
LaTeX Font Info:    Font shape `T1/FiraSans-OsF/m/n' in size <12> not available

(Font)              Font shape `T1/FiraSans-OsF/regular/n' tried instead on inp
ut line 53.
LaTeX Font Info:    Font shape `T1/FiraSans-OsF/regular/n' will be
(Font)              scaled to size 10.20007pt on input line 53.
LaTeX Font Info:    Font shape `T1/FiraSans-OsF/m/n' in size <7.3> not availabl
e
(Font)              Font shape `T1/FiraSans-OsF/regular/n' tried instead on inp
ut line 56.
LaTeX Font Info:    Font shape `T1/FiraSans-OsF/regular/n' will be
(Font)              scaled to size 6.20503pt on input line 56.
LaTeX Font Info:    Font shape `T1/FiraSans-OsF/m/n' in size <5.5> not availabl
e
(Font)              Font shape `T1/FiraSans-OsF/regular/n' tried instead on inp
ut line 56.
LaTeX Font Info:    Font shape `T1/FiraSans-OsF/regular/n' will be
(Font)              scaled to size 4.67503pt on input line 56.
LaTeX Font Info:    Trying to load font information for U+ntxsfmia on input lin
e 56.

(/usr/share/texlive/texmf-dist/tex/latex/newtxsf/untxsfmia.fd
File: untxsfmia.fd 2014/11/16 Fontinst v1.933 font definitions for U/ntxsfmia.
)
LaTeX Font Info:    Trying to load font information for U+ntxsym on input line 
56.

(/usr/share/texlive/texmf-dist/tex/latex/newtx/untxsym.fd
File: untxsym.fd 2015/03/20 Fontinst v1.933 font definitions for U/ntxsym.
)
LaTeX Font Info:    Trying to load font information for U+ntxsyc on input line 
56.

(/usr/share/texlive/texmf-dist/tex/latex/newtx/untxsyc.fd
File: untxsyc.fd 2012/04/12 Fontinst v1.933 font definitions for U/ntxsyc.
)
LaTeX Font Info:    Font shape `T1/FiraSans-OsF/m/it' in size <9> not available

(Font)              Font shape `T1/FiraSans-OsF/regular/it' tried instead on in
put line 61.
LaTeX Font Info:    Font shape `T1/FiraSans-OsF/regular/it' will be
(Font)              scaled to size 7.65005pt on input line 61.

Overfull \hbox (21.44669pt too wide) in paragraph at lines 141--141
[][][]  
 []


Overfull \hbox (21.44669pt too wide) in paragraph at lines 141--141
[][][]  
 []


Overfull \hbox (21.44669pt too wide) in paragraph at lines 141--141
[][][]  
 []


Overfull \hbox (21.44669pt too wide) in paragraph at lines 141--141
[][][]  
 []

[1

{/var/lib/texmf/fonts/map/pdftex/updmap/pdftex.map}]
Overfull \hbox (21.44669pt too wide) in paragraph at lines 141--141
[][][]  
 []


Overfull \hbox (21.44669pt too wide) in paragraph at lines 141--141
[][][]  
 []


Overfull \hbox (21.44669pt too wide) in paragraph at lines 141--141
[][][]  
 []


Overfull \hbox (21.44669pt too wide) in paragraph at lines 141--141
[][][]  
 []

[2

]
Overfull \hbox (21.44669pt too wide) in paragraph at lines 243--243
[][][]  
 []


Overfull \hbox (21.44669pt too wide) in paragraph at lines 243--243
[][][]  
 []


Overfull \hbox (21.44669pt too wide) in paragraph at lines 243--243
[][][]  
 []


Overfull \hbox (21.44669pt too wide) in paragraph at lines 243--243
[][][]  
 []

[3

]
Overfull \hbox (21.44669pt too wide) in paragraph at lines 243--243
[][][]  
 []


Overfull \hbox (21.44669pt too wide) in paragraph at lines 243--243
[][][]  
 []


Overfull \hbox (21.44669pt too wide) in paragraph at lines 243--243
[][][]  
 []


Overfull \hbox (21.44669pt too wide) in paragraph at lines 243--243
[][][]  
 []

[4

]
Overfull \hbox (21.44669pt too wide) in paragraph at lines 320--320
[][][]  
 []


Overfull \hbox (21.44669pt too wide) in paragraph at lines 320--320
[][][]  
 []


Overfull \hbox (21.44669pt too wide) in paragraph at lines 320--320
[][][]  
 []


Overfull \hbox (21.44669pt too wide) in paragraph at lines 320--320
[][][]  
 []

[5

]
Overfull \hbox (21.44669pt too wide) in paragraph at lines 320--320
[][][]  
 []


Overfull \hbox (21.44669pt too wide) in paragraph at lines 320--320
[][][]  
 []


Overfull \hbox (21.44669pt too wide) in paragraph at lines 320--320
[][][]  
 []


Overfull \hbox (21.44669pt too wide) in paragraph at lines 320--320
[][][]  
 []

[6

]
LaTeX Font Info:    Font shape `T1/FiraSans-OsF/m/n' in size <8.8> not availabl
e
(Font)              Font shape `T1/FiraSans-OsF/regular/n' tried instead on inp
ut line 373.
LaTeX Font Info:    Font shape `T1/FiraSans-OsF/regular/n' will be
(Font)              scaled to size 7.48004pt on input line 373.
LaTeX Font Info:    Font shape `T1/FiraSans-OsF/m/n' in size <6.6> not availabl
e
(Font)              Font shape `T1/FiraSans-OsF/regular/n' tried instead on inp
ut line 373.
LaTeX Font Info:    Font shape `T1/FiraSans-OsF/regular/n' will be
(Font)              scaled to size 5.61003pt on input line 373.

Overfull \hbox (21.44669pt too wide) in paragraph at lines 407--407
[][][]  
 []


Overfull \hbox (21.44669pt too wide) in paragraph at lines 407--407
[][][]  
 []


Overfull \hbox (21.44669pt too wide) in paragraph at lines 407--407
[][][]  
 []


Overfull \hbox (21.44669pt too wide) in paragraph at lines 407--407
[][][]  
 []

[7

]
Overfull \hbox (21.44669pt too wide) in paragraph at lines 407--407
[][][]  
 []


Overfull \hbox (21.44669pt too wide) in paragraph at lines 407--407
[][][]  
 []


Overfull \hbox (21.44669pt too wide) in paragraph at lines 407--407
[][][]  
 []


Overfull \hbox (21.44669pt too wide) in paragraph at lines 407--407
[][][]  
 []

[8

]
Overfull \hbox (21.44669pt too wide) in paragraph at lines 505--505
[][][]  
 []


Overfull \hbox (21.44669pt too wide) in paragraph at lines 505--505
[][][]  
 []


Overfull \hbox (21.44669pt too wide) in paragraph at lines 505--505
[][][]  
 []


Overfull \hbox (21.44669pt too wide) in paragraph at lines 505--505
[][][]  
 []

[9

]
Overfull \hbox (21.44669pt too wide) in paragraph at lines 505--505
[][][]  
 []


Overfull \hbox (21.44669pt too wide) in paragraph at lines 505--505
[][][]  
 []


Overfull \hbox (21.44669pt too wide) in paragraph at lines 505--505
[][][]  
 []


Overfull \hbox (21.44669pt too wide) in paragraph at lines 505--505
[][][]  
 []

[10

]
Overfull \hbox (21.44669pt too wide) in paragraph at lines 600--600
[][][]  
 []


Overfull \hbox (21.44669pt too wide) in paragraph at lines 600--600
[][][]  
 []


Overfull \hbox (21.44669pt too wide) in paragraph at lines 600--600
[][][]  
 []


Overfull \hbox (21.44669pt too wide) in paragraph at lines 600--600
[][][]  
 []

[11

]
Overfull \hbox (21.44669pt too wide) in paragraph at lines 600--600
[][][]  
 []


Overfull \hbox (21.44669pt too wide) in paragraph at lines 600--600
[][][]  
 []


Overfull \hbox (21.44669pt too wide) in paragraph at lines 600--600
[][][]  
 []


Overfull \hbox (21.44669pt too wide) in paragraph at lines 600--600
[][][]  
 []

[12

]
Overfull \hbox (21.44669pt too wide) in paragraph at lines 709--709
[][][]  
 []


Overfull \hbox (21.44669pt too wide) in paragraph at lines 709--709
[][][]  
 []


Overfull \hbox (21.44669pt too wide) in paragraph at lines 709--709
[][][]  
 []


Overfull \hbox (21.44669pt too wide) in paragraph at lines 709--709
[][][]  
 []

[13

]
Overfull \hbox (21.44669pt too wide) in paragraph at lines 709--709
[][][]  
 []


Overfull \hbox (21.44669pt too wide) in paragraph at lines 709--709
[][][]  
 []


Overfull \hbox (21.44669pt too wide) in paragraph at lines 709--709
[][][]  
 []


Overfull \hbox (21.44669pt too wide) in paragraph at lines 709--709
[][][]  
 []

[14

]
Overfull \hbox (21.44669pt too wide) in paragraph at lines 797--797
[][][]  
 []


Overfull \hbox (21.44669pt too wide) in paragraph at lines 797--797
[][][]  
 []


Overfull \hbox (21.44669pt too wide) in paragraph at lines 797--797
[][][]  
 []


Overfull \hbox (21.44669pt too wide) in paragraph at lines 797--797
[][][]  
 []

[15

]
Overfull \hbox (21.44669pt too wide) in paragraph at lines 797--797
[][][]  
 []


Overfull \hbox (21.44669pt too wide) in paragraph at lines 797--797
[][][]  
 []


Overfull \hbox (21.44669pt too wide) in paragraph at lines 797--797
[][][]  
 []


Overfull \hbox (21.44669pt too wide) in paragraph at lines 797--797
[][][]  
 []

[16

]
LaTeX Font Info:    Font shape `T1/FiraSans-OsF/sb/n' in size <9> not available

(Font)              Font shape `T1/FiraSans-OsF/semibold/n' tried instead on in
put line 814.
LaTeX Font Info:    Font shape `T1/FiraSans-OsF/semibold/n' will be
(Font)              scaled to size 7.65005pt on input line 814.

Overfull \hbox (21.44669pt too wide) in paragraph at lines 884--884
[][][]  
 []


Overfull \hbox (21.44669pt too wide) in paragraph at lines 884--884
[][][]  
 []


Overfull \hbox (21.44669pt too wide) in paragraph at lines 884--884
[][][]  
 []


Overfull \hbox (21.44669pt too wide) in paragraph at lines 884--884
[][][]  
 []

[17

]
Overfull \hbox (21.44669pt too wide) in paragraph at lines 884--884
[][][]  
 []


Overfull \hbox (21.44669pt too wide) in paragraph at lines 884--884
[][][]  
 []


Overfull \hbox (21.44669pt too wide) in paragraph at lines 884--884
[][][]  
 []


Overfull \hbox (21.44669pt too wide) in paragraph at lines 884--884
[][][]  
 []

[18

]
Overfull \hbox (21.44669pt too wide) in paragraph at lines 1006--1006
[][][]  
 []


Overfull \hbox (21.44669pt too wide) in paragraph at lines 1006--1006
[][][]  
 []


Overfull \hbox (21.44669pt too wide) in paragraph at lines 1006--1006
[][][]  
 []


Overfull \hbox (21.44669pt too wide) in paragraph at lines 1006--1006
[][][]  
 []

[19

]
Overfull \hbox (21.44669pt too wide) in paragraph at lines 1006--1006
[][][]  
 []


Overfull \hbox (21.44669pt too wide) in paragraph at lines 1006--1006
[][][]  
 []


Overfull \hbox (21.44669pt too wide) in paragraph at lines 1006--1006
[][][]  
 []


Overfull \hbox (21.44669pt too wide) in paragraph at lines 1006--1006
[][][]  
 []

[20

]
Overfull \hbox (21.44669pt too wide) in paragraph at lines 1123--1123
[][][]  
 []


Overfull \hbox (21.44669pt too wide) in paragraph at lines 1123--1123
[][][]  
 []


Overfull \hbox (21.44669pt too wide) in paragraph at lines 1123--1123
[][][]  
 []


Overfull \hbox (21.44669pt too wide) in paragraph at lines 1123--1123
[][][]  
 []

[21

]
Overfull \hbox (21.44669pt too wide) in paragraph at lines 1123--1123
[][][]  
 []


Overfull \hbox (21.44669pt too wide) in paragraph at lines 1123--1123
[][][]  
 []


Overfull \hbox (21.44669pt too wide) in paragraph at lines 1123--1123
[][][]  
 []


Overfull \hbox (21.44669pt too wide) in paragraph at lines 1123--1123
[][][]  
 []

[22

]
Overfull \hbox (21.44669pt too wide) in paragraph at lines 1243--1243
[][][]  
 []


Overfull \hbox (21.44669pt too wide) in paragraph at lines 1243--1243
[][][]  
 []


Overfull \hbox (21.44669pt too wide) in paragraph at lines 1243--1243
[][][]  
 []


Overfull \hbox (21.44669pt too wide) in paragraph at lines 1243--1243
[][][]  
 []

[23

]
Overfull \hbox (21.44669pt too wide) in paragraph at lines 1243--1243
[][][]  
 []


Overfull \hbox (21.44669pt too wide) in paragraph at lines 1243--1243
[][][]  
 []


Overfull \hbox (21.44669pt too wide) in paragraph at lines 1243--1243
[][][]  
 []


Overfull \hbox (21.44669pt too wide) in paragraph at lines 1243--1243
[][][]  
 []

[24

]
Overfull \hbox (21.44669pt too wide) in paragraph at lines 1315--1315
[][][]  
 []


Overfull \hbox (21.44669pt too wide) in paragraph at lines 1315--1315
[][][]  
 []


Overfull \hbox (21.44669pt too wide) in paragraph at lines 1315--1315
[][][]  
 []


Overfull \hbox (21.44669pt too wide) in paragraph at lines 1315--1315
[][][]  
 []

[25

]
Overfull \hbox (21.44669pt too wide) in paragraph at lines 1315--1315
[][][]  
 []


Overfull \hbox (21.44669pt too wide) in paragraph at lines 1315--1315
[][][]  
 []


Overfull \hbox (21.44669pt too wide) in paragraph at lines 1315--1315
[][][]  
 []


Overfull \hbox (21.44669pt too wide) in paragraph at lines 1315--1315
[][][]  
 []

[26

]
Overfull \hbox (21.44669pt too wide) in paragraph at lines 1405--1405
[][][]  
 []


Overfull \hbox (21.44669pt too wide) in paragraph at lines 1405--1405
[][][]  
 []


Overfull \hbox (21.44669pt too wide) in paragraph at lines 1405--1405
[][][]  
 []


Overfull \hbox (21.44669pt too wide) in paragraph at lines 1405--1405
[][][]  
 []

[27

]
Overfull \hbox (21.44669pt too wide) in paragraph at lines 1405--1405
[][][]  
 []


Overfull \hbox (21.44669pt too wide) in paragraph at lines 1405--1405
[][][]  
 []


Overfull \hbox (21.44669pt too wide) in paragraph at lines 1405--1405
[][][]  
 []


Overfull \hbox (21.44669pt too wide) in paragraph at lines 1405--1405
[][][]  
 []

[28

]
<derivations-precordiales.jpg, id=98, 270.00874pt x 208.78pt>
File: derivations-precordiales.jpg Graphic file (type jpg)
<use derivations-precordiales.jpg>
Package pdftex.def Info: derivations-precordiales.jpg  used on input line 1519.

(pdftex.def)             Requested size: 135.00403pt x 104.38972pt.

Overfull \hbox (21.44669pt too wide) in paragraph at lines 1521--1521
[][][]  
 []


Overfull \hbox (21.44669pt too wide) in paragraph at lines 1521--1521
[][][]  
 []


Overfull \hbox (21.44669pt too wide) in paragraph at lines 1521--1521
[][][]  
 []


Overfull \hbox (21.44669pt too wide) in paragraph at lines 1521--1521
[][][]  
 []

[29

]
Overfull \hbox (21.44669pt too wide) in paragraph at lines 1521--1521
[][][]  
 []


Overfull \hbox (21.44669pt too wide) in paragraph at lines 1521--1521
[][][]  
 []


Overfull \hbox (21.44669pt too wide) in paragraph at lines 1521--1521
[][][]  
 []


Overfull \hbox (21.44669pt too wide) in paragraph at lines 1521--1521
[][][]  
 []

[30

 <./derivations-precordiales.jpg>]
Overfull \hbox (21.44669pt too wide) in paragraph at lines 1615--1615
[][][]  
 []


Overfull \hbox (21.44669pt too wide) in paragraph at lines 1615--1615
[][][]  
 []


Overfull \hbox (21.44669pt too wide) in paragraph at lines 1615--1615
[][][]  
 []


Overfull \hbox (21.44669pt too wide) in paragraph at lines 1615--1615
[][][]  
 []

[31

]
Overfull \hbox (21.44669pt too wide) in paragraph at lines 1615--1615
[][][]  
 []


Overfull \hbox (21.44669pt too wide) in paragraph at lines 1615--1615
[][][]  
 []


Overfull \hbox (21.44669pt too wide) in paragraph at lines 1615--1615
[][][]  
 []


Overfull \hbox (21.44669pt too wide) in paragraph at lines 1615--1615
[][][]  
 []

[32

]
Overfull \hbox (21.44669pt too wide) in paragraph at lines 1691--1691
[][][]  
 []


Overfull \hbox (21.44669pt too wide) in paragraph at lines 1691--1691
[][][]  
 []


Overfull \hbox (21.44669pt too wide) in paragraph at lines 1691--1691
[][][]  
 []


Overfull \hbox (21.44669pt too wide) in paragraph at lines 1691--1691
[][][]  
 []

[33

]
Overfull \hbox (21.44669pt too wide) in paragraph at lines 1691--1691
[][][]  
 []


Overfull \hbox (21.44669pt too wide) in paragraph at lines 1691--1691
[][][]  
 []


Overfull \hbox (21.44669pt too wide) in paragraph at lines 1691--1691
[][][]  
 []


Overfull \hbox (21.44669pt too wide) in paragraph at lines 1691--1691
[][][]  
 []

[34

]
Overfull \hbox (21.44669pt too wide) in paragraph at lines 1766--1766
[][][]  
 []


Overfull \hbox (21.44669pt too wide) in paragraph at lines 1766--1766
[][][]  
 []


Overfull \hbox (21.44669pt too wide) in paragraph at lines 1766--1766
[][][]  
 []


Overfull \hbox (21.44669pt too wide) in paragraph at lines 1766--1766
[][][]  
 []

[35

]
Overfull \hbox (21.44669pt too wide) in paragraph at lines 1766--1766
[][][]  
 []


Overfull \hbox (21.44669pt too wide) in paragraph at lines 1766--1766
[][][]  
 []


Overfull \hbox (21.44669pt too wide) in paragraph at lines 1766--1766
[][][]  
 []


Overfull \hbox (21.44669pt too wide) in paragraph at lines 1766--1766
[][][]  
 []

[36

]
Overfull \hbox (21.44669pt too wide) in paragraph at lines 1848--1848
[][][]  
 []


Overfull \hbox (21.44669pt too wide) in paragraph at lines 1848--1848
[][][]  
 []


Overfull \hbox (21.44669pt too wide) in paragraph at lines 1848--1848
[][][]  
 []


Overfull \hbox (21.44669pt too wide) in paragraph at lines 1848--1848
[][][]  
 []

[37

]
Overfull \hbox (21.44669pt too wide) in paragraph at lines 1848--1848
[][][]  
 []


Overfull \hbox (21.44669pt too wide) in paragraph at lines 1848--1848
[][][]  
 []


Overfull \hbox (21.44669pt too wide) in paragraph at lines 1848--1848
[][][]  
 []


Overfull \hbox (21.44669pt too wide) in paragraph at lines 1848--1848
[][][]  
 []

[38

]
Overfull \hbox (21.44669pt too wide) in paragraph at lines 1965--1965
[][][]  
 []


Overfull \hbox (21.44669pt too wide) in paragraph at lines 1965--1965
[][][]  
 []


Overfull \hbox (21.44669pt too wide) in paragraph at lines 1965--1965
[][][]  
 []


Overfull \hbox (21.44669pt too wide) in paragraph at lines 1965--1965
[][][]  
 []

[39

]
Overfull \hbox (21.44669pt too wide) in paragraph at lines 1965--1965
[][][]  
 []


Overfull \hbox (21.44669pt too wide) in paragraph at lines 1965--1965
[][][]  
 []


Overfull \hbox (21.44669pt too wide) in paragraph at lines 1965--1965
[][][]  
 []


Overfull \hbox (21.44669pt too wide) in paragraph at lines 1965--1965
[][][]  
 []

[40

]
LaTeX Font Info:    Font shape `T1/FiraSans-OsF/m/it' in size <12> not availabl
e
(Font)              Font shape `T1/FiraSans-OsF/regular/it' tried instead on in
put line 2062.
LaTeX Font Info:    Font shape `T1/FiraSans-OsF/regular/it' will be
(Font)              scaled to size 10.20007pt on input line 2062.

Overfull \hbox (21.44669pt too wide) in paragraph at lines 2078--2078
[][][]  
 []


Overfull \hbox (21.44669pt too wide) in paragraph at lines 2078--2078
[][][]  
 []


Overfull \hbox (21.44669pt too wide) in paragraph at lines 2078--2078
[][][]  
 []


Overfull \hbox (21.44669pt too wide) in paragraph at lines 2078--2078
[][][]  
 []

[41

]
Overfull \hbox (21.44669pt too wide) in paragraph at lines 2078--2078
[][][]  
 []


Overfull \hbox (21.44669pt too wide) in paragraph at lines 2078--2078
[][][]  
 []


Overfull \hbox (21.44669pt too wide) in paragraph at lines 2078--2078
[][][]  
 []


Overfull \hbox (21.44669pt too wide) in paragraph at lines 2078--2078
[][][]  
 []

[42

]
LaTeX Font Info:    Trying to load font information for TS1+FiraSans-OsF on inp
ut line 2132.
 (/usr/share/texlive/texmf-dist/tex/latex/fira/TS1FiraSans-OsF.fd
File: TS1FiraSans-OsF.fd 2019/10/10 (autoinst) Font definitions for TS1/FiraSan
s-OsF.
)
LaTeX Font Info:    Font shape `TS1/FiraSans-OsF/m/n' in size <12> not availabl
e
(Font)              Font shape `TS1/FiraSans-OsF/regular/n' tried instead on in
put line 2132.
LaTeX Font Info:    Font shape `TS1/FiraSans-OsF/regular/n' will be
(Font)              scaled to size 10.20007pt on input line 2132.
LaTeX Font Info:    Font shape `TS1/FiraSans-OsF/m/n' in size <9> not available

(Font)              Font shape `TS1/FiraSans-OsF/regular/n' tried instead on in
put line 2147.
LaTeX Font Info:    Font shape `TS1/FiraSans-OsF/regular/n' will be
(Font)              scaled to size 7.65005pt on input line 2147.

Overfull \hbox (21.44669pt too wide) in paragraph at lines 2164--2164
[][][]  
 []


Overfull \hbox (21.44669pt too wide) in paragraph at lines 2164--2164
[][][]  
 []


Overfull \hbox (21.44669pt too wide) in paragraph at lines 2164--2164
[][][]  
 []


Overfull \hbox (21.44669pt too wide) in paragraph at lines 2164--2164
[][][]  
 []

[43

]
Overfull \hbox (21.44669pt too wide) in paragraph at lines 2164--2164
[][][]  
 []


Overfull \hbox (21.44669pt too wide) in paragraph at lines 2164--2164
[][][]  
 []


Overfull \hbox (21.44669pt too wide) in paragraph at lines 2164--2164
[][][]  
 []


Overfull \hbox (21.44669pt too wide) in paragraph at lines 2164--2164
[][][]  
 []

[44

]
Overfull \hbox (21.44669pt too wide) in paragraph at lines 2250--2250
[][][]  
 []


Overfull \hbox (21.44669pt too wide) in paragraph at lines 2250--2250
[][][]  
 []


Overfull \hbox (21.44669pt too wide) in paragraph at lines 2250--2250
[][][]  
 []


Overfull \hbox (21.44669pt too wide) in paragraph at lines 2250--2250
[][][]  
 []

[45

]
Overfull \hbox (21.44669pt too wide) in paragraph at lines 2250--2250
[][][]  
 []


Overfull \hbox (21.44669pt too wide) in paragraph at lines 2250--2250
[][][]  
 []


Overfull \hbox (21.44669pt too wide) in paragraph at lines 2250--2250
[][][]  
 []


Overfull \hbox (21.44669pt too wide) in paragraph at lines 2250--2250
[][][]  
 []

[46

]
Overfull \hbox (21.44669pt too wide) in paragraph at lines 2334--2334
[][][]  
 []


Overfull \hbox (21.44669pt too wide) in paragraph at lines 2334--2334
[][][]  
 []


Overfull \hbox (21.44669pt too wide) in paragraph at lines 2334--2334
[][][]  
 []


Overfull \hbox (21.44669pt too wide) in paragraph at lines 2334--2334
[][][]  
 []

[47

]
Overfull \hbox (21.44669pt too wide) in paragraph at lines 2334--2334
[][][]  
 []


Overfull \hbox (21.44669pt too wide) in paragraph at lines 2334--2334
[][][]  
 []


Overfull \hbox (21.44669pt too wide) in paragraph at lines 2334--2334
[][][]  
 []


Overfull \hbox (21.44669pt too wide) in paragraph at lines 2334--2334
[][][]  
 []

[48

]
Overfull \hbox (21.44669pt too wide) in paragraph at lines 2409--2409
[][][]  
 []


Overfull \hbox (21.44669pt too wide) in paragraph at lines 2409--2409
[][][]  
 []


Overfull \hbox (21.44669pt too wide) in paragraph at lines 2409--2409
[][][]  
 []


Overfull \hbox (21.44669pt too wide) in paragraph at lines 2409--2409
[][][]  
 []

[49

]
Overfull \hbox (21.44669pt too wide) in paragraph at lines 2409--2409
[][][]  
 []


Overfull \hbox (21.44669pt too wide) in paragraph at lines 2409--2409
[][][]  
 []


Overfull \hbox (21.44669pt too wide) in paragraph at lines 2409--2409
[][][]  
 []


Overfull \hbox (21.44669pt too wide) in paragraph at lines 2409--2409
[][][]  
 []

[50

]
Overfull \hbox (21.44669pt too wide) in paragraph at lines 2490--2490
[][][]  
 []


Overfull \hbox (21.44669pt too wide) in paragraph at lines 2490--2490
[][][]  
 []


Overfull \hbox (21.44669pt too wide) in paragraph at lines 2490--2490
[][][]  
 []


Overfull \hbox (21.44669pt too wide) in paragraph at lines 2490--2490
[][][]  
 []

[51

]
Overfull \hbox (21.44669pt too wide) in paragraph at lines 2490--2490
[][][]  
 []


Overfull \hbox (21.44669pt too wide) in paragraph at lines 2490--2490
[][][]  
 []


Overfull \hbox (21.44669pt too wide) in paragraph at lines 2490--2490
[][][]  
 []


Overfull \hbox (21.44669pt too wide) in paragraph at lines 2490--2490
[][][]  
 []

[52

]
Overfull \hbox (21.44669pt too wide) in paragraph at lines 2585--2585
[][][]  
 []


Overfull \hbox (21.44669pt too wide) in paragraph at lines 2585--2585
[][][]  
 []


Overfull \hbox (21.44669pt too wide) in paragraph at lines 2585--2585
[][][]  
 []


Overfull \hbox (21.44669pt too wide) in paragraph at lines 2585--2585
[][][]  
 []

[53

]
Overfull \hbox (21.44669pt too wide) in paragraph at lines 2585--2585
[][][]  
 []


Overfull \hbox (21.44669pt too wide) in paragraph at lines 2585--2585
[][][]  
 []


Overfull \hbox (21.44669pt too wide) in paragraph at lines 2585--2585
[][][]  
 []


Overfull \hbox (21.44669pt too wide) in paragraph at lines 2585--2585
[][][]  
 []

[54

]
Overfull \hbox (21.44669pt too wide) in paragraph at lines 2658--2658
[][][]  
 []


Overfull \hbox (21.44669pt too wide) in paragraph at lines 2658--2658
[][][]  
 []


Overfull \hbox (21.44669pt too wide) in paragraph at lines 2658--2658
[][][]  
 []


Overfull \hbox (21.44669pt too wide) in paragraph at lines 2658--2658
[][][]  
 []

[55

]
Overfull \hbox (21.44669pt too wide) in paragraph at lines 2658--2658
[][][]  
 []


Overfull \hbox (21.44669pt too wide) in paragraph at lines 2658--2658
[][][]  
 []


Overfull \hbox (21.44669pt too wide) in paragraph at lines 2658--2658
[][][]  
 []


Overfull \hbox (21.44669pt too wide) in paragraph at lines 2658--2658
[][][]  
 []

[56

]
Overfull \hbox (21.44669pt too wide) in paragraph at lines 2750--2750
[][][]  
 []


Overfull \hbox (21.44669pt too wide) in paragraph at lines 2750--2750
[][][]  
 []


Overfull \hbox (21.44669pt too wide) in paragraph at lines 2750--2750
[][][]  
 []


Overfull \hbox (21.44669pt too wide) in paragraph at lines 2750--2750
[][][]  
 []

[57

]
Overfull \hbox (21.44669pt too wide) in paragraph at lines 2750--2750
[][][]  
 []


Overfull \hbox (21.44669pt too wide) in paragraph at lines 2750--2750
[][][]  
 []


Overfull \hbox (21.44669pt too wide) in paragraph at lines 2750--2750
[][][]  
 []


Overfull \hbox (21.44669pt too wide) in paragraph at lines 2750--2750
[][][]  
 []

[58

]
Overfull \hbox (21.44669pt too wide) in paragraph at lines 2850--2850
[][][]  
 []


Overfull \hbox (21.44669pt too wide) in paragraph at lines 2850--2850
[][][]  
 []


Overfull \hbox (21.44669pt too wide) in paragraph at lines 2850--2850
[][][]  
 []


Overfull \hbox (21.44669pt too wide) in paragraph at lines 2850--2850
[][][]  
 []

[59

]
Overfull \hbox (21.44669pt too wide) in paragraph at lines 2850--2850
[][][]  
 []


Overfull \hbox (21.44669pt too wide) in paragraph at lines 2850--2850
[][][]  
 []


Overfull \hbox (21.44669pt too wide) in paragraph at lines 2850--2850
[][][]  
 []


Overfull \hbox (21.44669pt too wide) in paragraph at lines 2850--2850
[][][]  
 []

[60

]
Overfull \hbox (21.44669pt too wide) in paragraph at lines 2961--2961
[][][]  
 []


Overfull \hbox (21.44669pt too wide) in paragraph at lines 2961--2961
[][][]  
 []


Overfull \hbox (21.44669pt too wide) in paragraph at lines 2961--2961
[][][]  
 []


Overfull \hbox (21.44669pt too wide) in paragraph at lines 2961--2961
[][][]  
 []

[61

]
Overfull \hbox (21.44669pt too wide) in paragraph at lines 2961--2961
[][][]  
 []


Overfull \hbox (21.44669pt too wide) in paragraph at lines 2961--2961
[][][]  
 []


Overfull \hbox (21.44669pt too wide) in paragraph at lines 2961--2961
[][][]  
 []


Overfull \hbox (21.44669pt too wide) in paragraph at lines 2961--2961
[][][]  
 []

[62

]
Overfull \hbox (21.44669pt too wide) in paragraph at lines 3033--3033
[][][]  
 []


Overfull \hbox (21.44669pt too wide) in paragraph at lines 3033--3033
[][][]  
 []


Overfull \hbox (21.44669pt too wide) in paragraph at lines 3033--3033
[][][]  
 []


Overfull \hbox (21.44669pt too wide) in paragraph at lines 3033--3033
[][][]  
 []

[63

]
Overfull \hbox (21.44669pt too wide) in paragraph at lines 3033--3033
[][][]  
 []


Overfull \hbox (21.44669pt too wide) in paragraph at lines 3033--3033
[][][]  
 []


Overfull \hbox (21.44669pt too wide) in paragraph at lines 3033--3033
[][][]  
 []


Overfull \hbox (21.44669pt too wide) in paragraph at lines 3033--3033
[][][]  
 []

[64

]
Overfull \hbox (21.44669pt too wide) in paragraph at lines 3130--3130
[][][]  
 []


Overfull \hbox (21.44669pt too wide) in paragraph at lines 3130--3130
[][][]  
 []


Overfull \hbox (21.44669pt too wide) in paragraph at lines 3130--3130
[][][]  
 []


Overfull \hbox (21.44669pt too wide) in paragraph at lines 3130--3130
[][][]  
 []

[65

]
Overfull \hbox (21.44669pt too wide) in paragraph at lines 3130--3130
[][][]  
 []


Overfull \hbox (21.44669pt too wide) in paragraph at lines 3130--3130
[][][]  
 []


Overfull \hbox (21.44669pt too wide) in paragraph at lines 3130--3130
[][][]  
 []


Overfull \hbox (21.44669pt too wide) in paragraph at lines 3130--3130
[][][]  
 []

[66

]
Overfull \hbox (21.44669pt too wide) in paragraph at lines 3222--3222
[][][]  
 []


Overfull \hbox (21.44669pt too wide) in paragraph at lines 3222--3222
[][][]  
 []


Overfull \hbox (21.44669pt too wide) in paragraph at lines 3222--3222
[][][]  
 []


Overfull \hbox (21.44669pt too wide) in paragraph at lines 3222--3222
[][][]  
 []

[67

]
Overfull \hbox (21.44669pt too wide) in paragraph at lines 3222--3222
[][][]  
 []


Overfull \hbox (21.44669pt too wide) in paragraph at lines 3222--3222
[][][]  
 []


Overfull \hbox (21.44669pt too wide) in paragraph at lines 3222--3222
[][][]  
 []


Overfull \hbox (21.44669pt too wide) in paragraph at lines 3222--3222
[][][]  
 []

[68

]
Overfull \hbox (21.44669pt too wide) in paragraph at lines 3336--3336
[][][]  
 []


Overfull \hbox (21.44669pt too wide) in paragraph at lines 3336--3336
[][][]  
 []


Overfull \hbox (21.44669pt too wide) in paragraph at lines 3336--3336
[][][]  
 []


Overfull \hbox (21.44669pt too wide) in paragraph at lines 3336--3336
[][][]  
 []

[69

]
Overfull \hbox (21.44669pt too wide) in paragraph at lines 3336--3336
[][][]  
 []


Overfull \hbox (21.44669pt too wide) in paragraph at lines 3336--3336
[][][]  
 []


Overfull \hbox (21.44669pt too wide) in paragraph at lines 3336--3336
[][][]  
 []


Overfull \hbox (21.44669pt too wide) in paragraph at lines 3336--3336
[][][]  
 []

[70

]
Overfull \hbox (21.44669pt too wide) in paragraph at lines 3460--3460
[][][]  
 []


Overfull \hbox (21.44669pt too wide) in paragraph at lines 3460--3460
[][][]  
 []


Overfull \hbox (21.44669pt too wide) in paragraph at lines 3460--3460
[][][]  
 []


Overfull \hbox (21.44669pt too wide) in paragraph at lines 3460--3460
[][][]  
 []

[71

]
Overfull \hbox (21.44669pt too wide) in paragraph at lines 3460--3460
[][][]  
 []


Overfull \hbox (21.44669pt too wide) in paragraph at lines 3460--3460
[][][]  
 []


Overfull \hbox (21.44669pt too wide) in paragraph at lines 3460--3460
[][][]  
 []


Overfull \hbox (21.44669pt too wide) in paragraph at lines 3460--3460
[][][]  
 []

[72

]
Overfull \hbox (21.44669pt too wide) in paragraph at lines 3564--3564
[][][]  
 []


Overfull \hbox (21.44669pt too wide) in paragraph at lines 3564--3564
[][][]  
 []


Overfull \hbox (21.44669pt too wide) in paragraph at lines 3564--3564
[][][]  
 []


Overfull \hbox (21.44669pt too wide) in paragraph at lines 3564--3564
[][][]  
 []

[73

]
Overfull \hbox (21.44669pt too wide) in paragraph at lines 3564--3564
[][][]  
 []


Overfull \hbox (21.44669pt too wide) in paragraph at lines 3564--3564
[][][]  
 []


Overfull \hbox (21.44669pt too wide) in paragraph at lines 3564--3564
[][][]  
 []


Overfull \hbox (21.44669pt too wide) in paragraph at lines 3564--3564
[][][]  
 []

[74

]
Overfull \hbox (21.44669pt too wide) in paragraph at lines 3669--3669
[][][]  
 []


Overfull \hbox (21.44669pt too wide) in paragraph at lines 3669--3669
[][][]  
 []


Overfull \hbox (21.44669pt too wide) in paragraph at lines 3669--3669
[][][]  
 []


Overfull \hbox (21.44669pt too wide) in paragraph at lines 3669--3669
[][][]  
 []

[75

]
Overfull \hbox (21.44669pt too wide) in paragraph at lines 3669--3669
[][][]  
 []


Overfull \hbox (21.44669pt too wide) in paragraph at lines 3669--3669
[][][]  
 []


Overfull \hbox (21.44669pt too wide) in paragraph at lines 3669--3669
[][][]  
 []


Overfull \hbox (21.44669pt too wide) in paragraph at lines 3669--3669
[][][]  
 []

[76

]
Overfull \hbox (21.44669pt too wide) in paragraph at lines 3755--3755
[][][]  
 []


Overfull \hbox (21.44669pt too wide) in paragraph at lines 3755--3755
[][][]  
 []


Overfull \hbox (21.44669pt too wide) in paragraph at lines 3755--3755
[][][]  
 []


Overfull \hbox (21.44669pt too wide) in paragraph at lines 3755--3755
[][][]  
 []

[77

]
Overfull \hbox (21.44669pt too wide) in paragraph at lines 3755--3755
[][][]  
 []


Overfull \hbox (21.44669pt too wide) in paragraph at lines 3755--3755
[][][]  
 []


Overfull \hbox (21.44669pt too wide) in paragraph at lines 3755--3755
[][][]  
 []


Overfull \hbox (21.44669pt too wide) in paragraph at lines 3755--3755
[][][]  
 []

[78

]
Overfull \hbox (21.44669pt too wide) in paragraph at lines 3845--3845
[][][]  
 []


Overfull \hbox (21.44669pt too wide) in paragraph at lines 3845--3845
[][][]  
 []


Overfull \hbox (21.44669pt too wide) in paragraph at lines 3845--3845
[][][]  
 []


Overfull \hbox (21.44669pt too wide) in paragraph at lines 3845--3845
[][][]  
 []

[79

]
Overfull \hbox (21.44669pt too wide) in paragraph at lines 3845--3845
[][][]  
 []


Overfull \hbox (21.44669pt too wide) in paragraph at lines 3845--3845
[][][]  
 []


Overfull \hbox (21.44669pt too wide) in paragraph at lines 3845--3845
[][][]  
 []


Overfull \hbox (21.44669pt too wide) in paragraph at lines 3845--3845
[][][]  
 []

[80

]
Overfull \hbox (21.44669pt too wide) in paragraph at lines 3944--3944
[][][]  
 []


Overfull \hbox (21.44669pt too wide) in paragraph at lines 3944--3944
[][][]  
 []


Overfull \hbox (21.44669pt too wide) in paragraph at lines 3944--3944
[][][]  
 []


Overfull \hbox (21.44669pt too wide) in paragraph at lines 3944--3944
[][][]  
 []

[81

]
Overfull \hbox (21.44669pt too wide) in paragraph at lines 3944--3944
[][][]  
 []


Overfull \hbox (21.44669pt too wide) in paragraph at lines 3944--3944
[][][]  
 []


Overfull \hbox (21.44669pt too wide) in paragraph at lines 3944--3944
[][][]  
 []


Overfull \hbox (21.44669pt too wide) in paragraph at lines 3944--3944
[][][]  
 []

[82

]
Overfull \hbox (21.44669pt too wide) in paragraph at lines 4037--4037
[][][]  
 []


Overfull \hbox (21.44669pt too wide) in paragraph at lines 4037--4037
[][][]  
 []


Overfull \hbox (21.44669pt too wide) in paragraph at lines 4037--4037
[][][]  
 []


Overfull \hbox (21.44669pt too wide) in paragraph at lines 4037--4037
[][][]  
 []

[83

]
Overfull \hbox (21.44669pt too wide) in paragraph at lines 4037--4037
[][][]  
 []


Overfull \hbox (21.44669pt too wide) in paragraph at lines 4037--4037
[][][]  
 []


Overfull \hbox (21.44669pt too wide) in paragraph at lines 4037--4037
[][][]  
 []


Overfull \hbox (21.44669pt too wide) in paragraph at lines 4037--4037
[][][]  
 []

[84

]
Overfull \hbox (21.44669pt too wide) in paragraph at lines 4077--4077
[][][]  
 []


Overfull \hbox (21.44669pt too wide) in paragraph at lines 4077--4077
[][][]  
 []


Overfull \hbox (49.89938pt too wide) in paragraph at lines 4077--4077
[][][]  
 []


Overfull \hbox (49.89938pt too wide) in paragraph at lines 4077--4077
[][][]  
 []

[85

]
Overfull \hbox (21.44669pt too wide) in paragraph at lines 4077--4077
[][][]  
 []


Overfull \hbox (21.44669pt too wide) in paragraph at lines 4077--4077
[][][]  
 []


Overfull \hbox (49.89938pt too wide) in paragraph at lines 4077--4077
[][][]  
 []


Overfull \hbox (49.89938pt too wide) in paragraph at lines 4077--4077
[][][]  
 []

[86

] (./file.aux) ) 
Here is how much of TeX's memory you used:
 6495 strings out of 480228
 98538 string characters out of 5895748
 401194 words of memory out of 5000000
 24337 multiletter control sequences out of 15000+600000
 639589 words of font info for 114 fonts, out of 8000000 for 9000
 14 hyphenation exceptions out of 8191
 70i,11n,76p,589b,543s stack positions out of 10000i,1000n,20000p,200000b,200000s
{/usr/share/texlive/texmf-dist/fonts/enc/dvips/fira/fir_d67aat.
enc}{/usr/share/texlive/texmf-dist/fonts/enc/dvips/fira/fir_iln36p.enc}</usr/sh
are/texlive/texmf-dist/fonts/type1/public/fira/FiraSans-Italic.pfb></usr/share/
texlive/texmf-dist/fonts/type1/public/fira/FiraSans-Regular.pfb></usr/share/tex
live/texmf-dist/fonts/type1/public/fira/FiraSans-SemiBold.pfb></usr/share/texli
ve/texmf-dist/fonts/type1/public/txfonts/rtxmi.pfb></usr/share/texlive/texmf-di
st/fonts/type1/public/newtx/txsys.pfb></usr/share/texlive/texmf-dist/fonts/type
1/public/newtxsf/zsfmi-reg.pfb></usr/share/texlive/texmf-dist/fonts/type1/publi
c/newtxsf/zsfmia-reg.pfb>
Output written on file.pdf (86 pages, 294051 bytes).
PDF statistics:
 324 PDF objects out of 1000 (max. 8388607)
 217 compressed objects within 3 object streams
 0 named destinations out of 1000 (max. 500000)
 6 words of extra memory for PDF output out of 10000 (max. 10000000)

